[0;34mSQLITE: Connection to../Data.db Is active[0m
[0;34mSQLITE/Inserting : 0[0m
[0;33mAdmin: Executing Next: MQListMsg{Listener=Main$1@27082746, Msg=MQMsg{TypeList=[], Params=[tcp://192.168.6.133:1883, Main$2@66133adc, false], SessionID='Z1fnJcD+K@$hpv)ktwf4', TransactionID='0N0s2_GBps', Cmd='Connect'}}[0m
[0;36mServer: Didn't autosub[0m
[0;36mServer: MQM Action Sucesfull[0m
[0;33mAdmin: Executing Next: MQListMsg{Listener=Main$1@27082746, Msg=MQMsg{TypeList=[], Params=[], SessionID='Z1fnJcD+K@$hpv)ktwf4', TransactionID='$BOZQ0uqq5', Cmd='Subscribe'}}[0m
[0;33mAdmin: Subbing@Executor[0m
[0;36mServer: MQM Action Sucesfull[0m
[0;33mAdmin: Executing Next: MQListMsg{Listener=Main$1@27082746, Msg=MQMsg{TypeList=[], Params=[Event{Latitude=692.0, Longitude=86.0, Bmp=FiftyFour}, Event{Latitude=96.0, Longitude=96.0, Bmp=NinetySix}], SessionID='Z1fnJcD+K@$hpv)ktwf4', TransactionID='b6=DRU8MmD', Cmd='Ladida'}}[0m
[0;33mAdmin: Publishing@Executor[0m
[0;36mServer: Publishing: {"TypeList":["Event","Event"],"Params":[{"Latitude":692.0,"Longitude":86.0,"Bmp":"FiftyFour"},{"Latitude":96.0,"Longitude":96.0,"Bmp":"NinetySix"}],"SessionID":"Z1fnJcD+K@$hpv)ktwf4","TransactionID":"b6\u003dDRU8MmD","Cmd":"Ladida","Result":0}[0m
[0;36mServer: MQM Action Sucesfull[0m
[1;31mERR/Admin/Cannot Next on null list[0m
[0;32mClient: Raw Msg Arrived: {"Cmd":"AddRow","Params":[{"Bmp":"/9j/4AAQSkZJRgABAQAAAQABAAD/2wBDABALDA4MChAODQ4SERATGCgaGBYWGDEjJR0oOjM9PDkz\nODdASFxOQERXRTc4UG1RV19iZ2hnPk1xeXBkeFxlZ2P/2wBDARESEhgVGC8aGi9jQjhCY2NjY2Nj\nY2NjY2NjY2NjY2NjY2NjY2NjY2NjY2NjY2NjY2NjY2NjY2NjY2NjY2NjY2P/wAARCABkAGQDASIA\nAhEBAxEB/8QAGwAAAgMBAQEAAAAAAAAAAAAAAwQAAgUBBwb/xABBEAACAQIEAgcEBQkJAQAAAAAB\nAhEAAwQSITETQQUiUWFxgZEyobHwBkJSkuEUIzNDYnLB0fEVFiQ0RFRzgpOi/8QAGAEAAwEBAAAA\nAAAAAAAAAAAAAAECAwT/xAAiEQACAgEEAgMBAAAAAAAAAAAAAQIRURITITEDQQQUImH/2gAMAwEA\nAhEDEQA/ALJ9L+jmaCmIXvKj+Bo6/Sjoo/r2Hjbb+VfA5W+z766tu4zBVQknQAak0AegD6TdE/7k\n/wDm38qLa+kHRdz2cYgj7QK/EV5+cDjBeFk4W9xTJCZDmPl5GqXrF+wwW9YuW2IkB1IkUAekjpjo\n4/62x98VZelMAxhcZYJPLiCvL9RyPpXQfH0oA9TGLw7ezftnwYVONbO1xfWvMbb+PpTKOB7UjyNF\nBZ6IbinZh61Rmr4e1dtKf0gXzinbWIsx/mR9+jRfsWo+mZqEzVh8a0Qf8Tryh6G+JuqspfJHjND8\nTyPWbpbWpXyr4/Ehj+eb1qVO2x6y4TD7HhD0o1qzhw6uhUMpkMrQQaTe912VCWQNoZIkdu9PYMcS\nxefK0pAyiWzTPptWu3HJrtOuhkS19bxv3DeUQtzitmA7AZ7z61L+ETFsHxD3LrgQGe4zGOzU0viM\nO9jLcuwQWIVcpBIB13WNDprr3VxLyQM1onQD6uvqpprxJ+x7EvQe10LhbhIZuHAmSTRf7vYQARfU\nkidG/ClLCm7dVQG5zsO0zPztTuJDhroRcNkUuyZbozCSOYOpAiBtvzpPx/0f13kta6As5VcXwJ2X\nOJ+FNDoZF04yn/uDWMj3R+sf7xpvDHE3rot23csdhmj40bbG/jtezRXocScrgx+0Kt/ZOmmUz4Gh\nWrOM2kmDBhwfneiPx7SqXkZhI1paXkzfieQLdHW7N4cW1bugbow3kdorPvYHCpYAbCWXuB8xczqI\njLA9Zp25cvE5ULMe4TWdjL2ItsVcwewgdlDiw2mIYrCWHvE2sPbsryUEn3mpVHxF0MdZ8qlTTFts\nbKtatJnXLIgZt9OWoPdTFrBNcs8YKeHuWjQATOsVdrxvKbRCsskAnKrHWeU8+zejWLbHDpFy2uUy\nqHUjzy679tdSbo6KSOZUtANcQAMOqSuhHdKd9cm2wIyoSSI0HZ+6KN+RJceTetgncQw+C1dMGotC\n4Axf7AJzbx9mPfVJjUYIFYw/BvLxEZWVxMCGGnL55d1GvXHZCromILXJOa4xObbYPrsRPZHbWlcu\nvxi7NaJkAgZiANDtHcPUSKWuq9xFCW7ouISylcxB1GuuulT2UpW7MvhNc1t2YCKAxQE+Zq9hnsXF\nuWzlYbGtTCLiLfGuEJbggtxFIkDlp47d4rmKuXPyZVBtZXIL8O4SSf2hMecUX6L1W6BWsbis+fjH\nNETpz/pV/wAovZSA3ZyHIyPfQLY1mnX4y2lBuIVAMAMDp8/CpkkZSSRm4p2eMxHVEbAVlYhdTWxj\nFdIDsDG0MDHpWVfG9KuC4rgzmXrVKKwE1Kmgo2FDqS5tNoTOaYB5a5teVMytsN1XVwRlVpjbn1vn\nSl1ABYHJIGpUqPdFMvkNtwGUAbDOG7OUVqukZtch7DoUDtE/W0BA881MLbUwCrn2h9U67gb9lJWE\nLWnVDmA16pgeka+VO27slZB05lj2eHv8qGRJYOXrVqJLEy0wVGoiQd/n3UJ1UKGQAkkggx8nnTd0\nuE+vEr+s0+FS0+WzbErBuySdp118fwpWOMqQLEsLiwcTmA3At5ZM+/8AClVtWmBm9lPKVMVpq/Fx\nLGWCgkdYnl5HtPrQWuM1u2toueoPZYggjX3R76EylKuBIW0DfplIzQND67VYquYjiLA5mYNFDOgB\nHGDBJMifPw0oHGuQsO3V9nWjsdtgMSoAkOrDurNvc60L7liSdSdTWddO9NIuIow1qVZpmpSoo3OC\n7tJaBEQGNGFhzqGg7zmNZmGvM94BTcmDpIb40e1iLgusF4hPZAPPsjSpSaVI5dMsmmllyBmafBjR\nFsMGmf8A6NZyOzW5zXAQNp7zTDXCcOGDtAA2I+O/OnzknTLI41hmgZhvO5q5s3siqHUZSSpk6T50\nqrvwh1m1AIOlQXcxtAFwIEzpJ8aXIkpZG0t31UCbZGoM8/GgjD3lVlBTrAA+XuoLXrjn82IjtO9K\nvcuxJuiDp7dCTKSlkf4V8GQLbak6kwd+U99Au4e4x2tqeeUnWkmvXRpxTPbnqhv3YnimP36dPI6l\nkPdwl0g6r60lewl0c19a7cv3Ss8Q/fpS5evR+lMfv/jR+slXPJV8LdVolfWpS5uXiZFzT/kA/jUq\nbYXPI2HJcAhFE8hRRc63VyR2kUrIzSbpJ8KKW60s3kBFXHomxtXXMZKwTAAFEFwZTBUkbAilFb2v\nX4UTMYBJiewVQhwXE4WrCSRPcahvarxAGEaxNL22OSRrqPOq5oYEEzHPmKQ0Fa4nDMmDPKdRQmuW\n5+saq9x1SDBHYeVAZmBGigjuFA7Ls6xpNDa4kaZgaqzMSPZ08KozNrOXs5UWFnblxcu5mlrjrynz\nNXdjtI8ooDE6bVLYrKEgnSfWpVCST/KpUCs0i8nVVPlRZ0VudSpVREXUk686K23b41KlWDL2usp5\nbbUPMSQDr/SpUoGujvDBtzJHn3UO5aUTE6CalSkAPhrIHdVLiAHmdYqVKTADdUAkUJkXMR87VKlS\nxCp3qVKlID//2Q\u003d\u003d\n","Latitude":52.2203108,"Longitude":-0.0542517}],"Result":0,"SessionID":"9II_1*N$NGjec\u0026+qT\u003dt7","TransactionID":"Q1d^Nu0Ypg","TypeList":["dev.hiworld.littertrackingapp.Network.Event"]}[0m
[0;33mAdmin: ClassString = dev.hiworld.littertrackingapp.Network.Event[0m
[0;33mAdmin: Msg Detected as event[0m
[0;34mSQLITE/Inserting : -0.0542517[0m
[0;34mSQLITE/Inserting : 52.2203108[0m
[0;34mSQLITE/Inserting : /9j/4AAQSkZJRgABAQAAAQABAAD/2wBDABALDA4MChAODQ4SERATGCgaGBYWGDEjJR0oOjM9PDkz
ODdASFxOQERXRTc4UG1RV19iZ2hnPk1xeXBkeFxlZ2P/2wBDARESEhgVGC8aGi9jQjhCY2NjY2Nj
Y2NjY2NjY2NjY2NjY2NjY2NjY2NjY2NjY2NjY2NjY2NjY2NjY2NjY2NjY2P/wAARCABkAGQDASIA
AhEBAxEB/8QAGwAAAgMBAQEAAAAAAAAAAAAAAwQAAgUBBwb/xABBEAACAQIEAgcEBQkJAQAAAAAB
AhEAAwQSITETQQUiUWFxgZEyobHwBkJSkuEUIzNDYnLB0fEVFiQ0RFRzgpOi/8QAGAEAAwEBAAAA
AAAAAAAAAAAAAAECAwT/xAAiEQACAgEEAgMBAAAAAAAAAAAAAQIRURITITEDQQQUImH/2gAMAwEA
AhEDEQA/ALJ9L+jmaCmIXvKj+Bo6/Sjoo/r2Hjbb+VfA5W+z766tu4zBVQknQAak0AegD6TdE/7k
/wDm38qLa+kHRdz2cYgj7QK/EV5+cDjBeFk4W9xTJCZDmPl5GqXrF+wwW9YuW2IkB1IkUAekjpjo
4/62x98VZelMAxhcZYJPLiCvL9RyPpXQfH0oA9TGLw7ezftnwYVONbO1xfWvMbb+PpTKOB7UjyNF
BZ6IbinZh61Rmr4e1dtKf0gXzinbWIsx/mR9+jRfsWo+mZqEzVh8a0Qf8Tryh6G+JuqspfJHjND8
TyPWbpbWpXyr4/Ehj+eb1qVO2x6y4TD7HhD0o1qzhw6uhUMpkMrQQaTe912VCWQNoZIkdu9PYMcS
xefK0pAyiWzTPptWu3HJrtOuhkS19bxv3DeUQtzitmA7AZ7z61L+ETFsHxD3LrgQGe4zGOzU0viM
O9jLcuwQWIVcpBIB13WNDprr3VxLyQM1onQD6uvqpprxJ+x7EvQe10LhbhIZuHAmSTRf7vYQARfU
kidG/ClLCm7dVQG5zsO0zPztTuJDhroRcNkUuyZbozCSOYOpAiBtvzpPx/0f13kta6As5VcXwJ2X
OJ+FNDoZF04yn/uDWMj3R+sf7xpvDHE3rot23csdhmj40bbG/jtezRXocScrgx+0Kt/ZOmmUz4Gh
WrOM2kmDBhwfneiPx7SqXkZhI1paXkzfieQLdHW7N4cW1bugbow3kdorPvYHCpYAbCWXuB8xczqI
jLA9Zp25cvE5ULMe4TWdjL2ItsVcwewgdlDiw2mIYrCWHvE2sPbsryUEn3mpVHxF0MdZ8qlTTFts
bKtatJnXLIgZt9OWoPdTFrBNcs8YKeHuWjQATOsVdrxvKbRCsskAnKrHWeU8+zejWLbHDpFy2uUy
qHUjzy679tdSbo6KSOZUtANcQAMOqSuhHdKd9cm2wIyoSSI0HZ+6KN+RJceTetgncQw+C1dMGotC
4Axf7AJzbx9mPfVJjUYIFYw/BvLxEZWVxMCGGnL55d1GvXHZCromILXJOa4xObbYPrsRPZHbWlcu
vxi7NaJkAgZiANDtHcPUSKWuq9xFCW7ouISylcxB1GuuulT2UpW7MvhNc1t2YCKAxQE+Zq9hnsXF
uWzlYbGtTCLiLfGuEJbggtxFIkDlp47d4rmKuXPyZVBtZXIL8O4SSf2hMecUX6L1W6BWsbis+fjH
NETpz/pV/wAovZSA3ZyHIyPfQLY1mnX4y2lBuIVAMAMDp8/CpkkZSSRm4p2eMxHVEbAVlYhdTWxj
FdIDsDG0MDHpWVfG9KuC4rgzmXrVKKwE1Kmgo2FDqS5tNoTOaYB5a5teVMytsN1XVwRlVpjbn1vn
Sl1ABYHJIGpUqPdFMvkNtwGUAbDOG7OUVqukZtch7DoUDtE/W0BA881MLbUwCrn2h9U67gb9lJWE
LWnVDmA16pgeka+VO27slZB05lj2eHv8qGRJYOXrVqJLEy0wVGoiQd/n3UJ1UKGQAkkggx8nnTd0
uE+vEr+s0+FS0+WzbErBuySdp118fwpWOMqQLEsLiwcTmA3At5ZM+/8AClVtWmBm9lPKVMVpq/Fx
LGWCgkdYnl5HtPrQWuM1u2toueoPZYggjX3R76EylKuBIW0DfplIzQND67VYquYjiLA5mYNFDOgB
HGDBJMifPw0oHGuQsO3V9nWjsdtgMSoAkOrDurNvc60L7liSdSdTWddO9NIuIow1qVZpmpSoo3OC
7tJaBEQGNGFhzqGg7zmNZmGvM94BTcmDpIb40e1iLgusF4hPZAPPsjSpSaVI5dMsmmllyBmafBjR
FsMGmf8A6NZyOzW5zXAQNp7zTDXCcOGDtAA2I+O/OnzknTLI41hmgZhvO5q5s3siqHUZSSpk6T50
qrvwh1m1AIOlQXcxtAFwIEzpJ8aXIkpZG0t31UCbZGoM8/GgjD3lVlBTrAA+XuoLXrjn82IjtO9K
vcuxJuiDp7dCTKSlkf4V8GQLbak6kwd+U99Au4e4x2tqeeUnWkmvXRpxTPbnqhv3YnimP36dPI6l
kPdwl0g6r60lewl0c19a7cv3Ss8Q/fpS5evR+lMfv/jR+slXPJV8LdVolfWpS5uXiZFzT/kA/jUq
bYXPI2HJcAhFE8hRRc63VyR2kUrIzSbpJ8KKW60s3kBFXHomxtXXMZKwTAAFEFwZTBUkbAilFb2v
X4UTMYBJiewVQhwXE4WrCSRPcahvarxAGEaxNL22OSRrqPOq5oYEEzHPmKQ0Fa4nDMmDPKdRQmuW
5+saq9x1SDBHYeVAZmBGigjuFA7Ls6xpNDa4kaZgaqzMSPZ08KozNrOXs5UWFnblxcu5mlrjrynz
NXdjtI8ooDE6bVLYrKEgnSfWpVCST/KpUCs0i8nVVPlRZ0VudSpVREXUk686K23b41KlWDL2usp5
bbUPMSQDr/SpUoGujvDBtzJHn3UO5aUTE6CalSkAPhrIHdVLiAHmdYqVKTADdUAkUJkXMR87VKlS
xCp3qVKlID//2Q==
[0m
[0;32mClient: AddRow Triggered[0m
[1;31mERR/Server/Could not find cmd[0m
[0;36mServer: Publishing: {"TypeList":["Event"],"Params":[{"Latitude":52.2203108,"Longitude":-0.0542517,"Bmp":"/9j/4AAQSkZJRgABAQAAAQABAAD/2wBDABALDA4MChAODQ4SERATGCgaGBYWGDEjJR0oOjM9PDkz\nODdASFxOQERXRTc4UG1RV19iZ2hnPk1xeXBkeFxlZ2P/2wBDARESEhgVGC8aGi9jQjhCY2NjY2Nj\nY2NjY2NjY2NjY2NjY2NjY2NjY2NjY2NjY2NjY2NjY2NjY2NjY2NjY2NjY2P/wAARCABkAGQDASIA\nAhEBAxEB/8QAGwAAAgMBAQEAAAAAAAAAAAAAAwQAAgUBBwb/xABBEAACAQIEAgcEBQkJAQAAAAAB\nAhEAAwQSITETQQUiUWFxgZEyobHwBkJSkuEUIzNDYnLB0fEVFiQ0RFRzgpOi/8QAGAEAAwEBAAAA\nAAAAAAAAAAAAAAECAwT/xAAiEQACAgEEAgMBAAAAAAAAAAAAAQIRURITITEDQQQUImH/2gAMAwEA\nAhEDEQA/ALJ9L+jmaCmIXvKj+Bo6/Sjoo/r2Hjbb+VfA5W+z766tu4zBVQknQAak0AegD6TdE/7k\n/wDm38qLa+kHRdz2cYgj7QK/EV5+cDjBeFk4W9xTJCZDmPl5GqXrF+wwW9YuW2IkB1IkUAekjpjo\n4/62x98VZelMAxhcZYJPLiCvL9RyPpXQfH0oA9TGLw7ezftnwYVONbO1xfWvMbb+PpTKOB7UjyNF\nBZ6IbinZh61Rmr4e1dtKf0gXzinbWIsx/mR9+jRfsWo+mZqEzVh8a0Qf8Tryh6G+JuqspfJHjND8\nTyPWbpbWpXyr4/Ehj+eb1qVO2x6y4TD7HhD0o1qzhw6uhUMpkMrQQaTe912VCWQNoZIkdu9PYMcS\nxefK0pAyiWzTPptWu3HJrtOuhkS19bxv3DeUQtzitmA7AZ7z61L+ETFsHxD3LrgQGe4zGOzU0viM\nO9jLcuwQWIVcpBIB13WNDprr3VxLyQM1onQD6uvqpprxJ+x7EvQe10LhbhIZuHAmSTRf7vYQARfU\nkidG/ClLCm7dVQG5zsO0zPztTuJDhroRcNkUuyZbozCSOYOpAiBtvzpPx/0f13kta6As5VcXwJ2X\nOJ+FNDoZF04yn/uDWMj3R+sf7xpvDHE3rot23csdhmj40bbG/jtezRXocScrgx+0Kt/ZOmmUz4Gh\nWrOM2kmDBhwfneiPx7SqXkZhI1paXkzfieQLdHW7N4cW1bugbow3kdorPvYHCpYAbCWXuB8xczqI\njLA9Zp25cvE5ULMe4TWdjL2ItsVcwewgdlDiw2mIYrCWHvE2sPbsryUEn3mpVHxF0MdZ8qlTTFts\nbKtatJnXLIgZt9OWoPdTFrBNcs8YKeHuWjQATOsVdrxvKbRCsskAnKrHWeU8+zejWLbHDpFy2uUy\nqHUjzy679tdSbo6KSOZUtANcQAMOqSuhHdKd9cm2wIyoSSI0HZ+6KN+RJceTetgncQw+C1dMGotC\n4Axf7AJzbx9mPfVJjUYIFYw/BvLxEZWVxMCGGnL55d1GvXHZCromILXJOa4xObbYPrsRPZHbWlcu\nvxi7NaJkAgZiANDtHcPUSKWuq9xFCW7ouISylcxB1GuuulT2UpW7MvhNc1t2YCKAxQE+Zq9hnsXF\nuWzlYbGtTCLiLfGuEJbggtxFIkDlp47d4rmKuXPyZVBtZXIL8O4SSf2hMecUX6L1W6BWsbis+fjH\nNETpz/pV/wAovZSA3ZyHIyPfQLY1mnX4y2lBuIVAMAMDp8/CpkkZSSRm4p2eMxHVEbAVlYhdTWxj\nFdIDsDG0MDHpWVfG9KuC4rgzmXrVKKwE1Kmgo2FDqS5tNoTOaYB5a5teVMytsN1XVwRlVpjbn1vn\nSl1ABYHJIGpUqPdFMvkNtwGUAbDOG7OUVqukZtch7DoUDtE/W0BA881MLbUwCrn2h9U67gb9lJWE\nLWnVDmA16pgeka+VO27slZB05lj2eHv8qGRJYOXrVqJLEy0wVGoiQd/n3UJ1UKGQAkkggx8nnTd0\nuE+vEr+s0+FS0+WzbErBuySdp118fwpWOMqQLEsLiwcTmA3At5ZM+/8AClVtWmBm9lPKVMVpq/Fx\nLGWCgkdYnl5HtPrQWuM1u2toueoPZYggjX3R76EylKuBIW0DfplIzQND67VYquYjiLA5mYNFDOgB\nHGDBJMifPw0oHGuQsO3V9nWjsdtgMSoAkOrDurNvc60L7liSdSdTWddO9NIuIow1qVZpmpSoo3OC\n7tJaBEQGNGFhzqGg7zmNZmGvM94BTcmDpIb40e1iLgusF4hPZAPPsjSpSaVI5dMsmmllyBmafBjR\nFsMGmf8A6NZyOzW5zXAQNp7zTDXCcOGDtAA2I+O/OnzknTLI41hmgZhvO5q5s3siqHUZSSpk6T50\nqrvwh1m1AIOlQXcxtAFwIEzpJ8aXIkpZG0t31UCbZGoM8/GgjD3lVlBTrAA+XuoLXrjn82IjtO9K\nvcuxJuiDp7dCTKSlkf4V8GQLbak6kwd+U99Au4e4x2tqeeUnWkmvXRpxTPbnqhv3YnimP36dPI6l\nkPdwl0g6r60lewl0c19a7cv3Ss8Q/fpS5evR+lMfv/jR+slXPJV8LdVolfWpS5uXiZFzT/kA/jUq\nbYXPI2HJcAhFE8hRRc63VyR2kUrIzSbpJ8KKW60s3kBFXHomxtXXMZKwTAAFEFwZTBUkbAilFb2v\nX4UTMYBJiewVQhwXE4WrCSRPcahvarxAGEaxNL22OSRrqPOq5oYEEzHPmKQ0Fa4nDMmDPKdRQmuW\n5+saq9x1SDBHYeVAZmBGigjuFA7Ls6xpNDa4kaZgaqzMSPZ08KozNrOXs5UWFnblxcu5mlrjrynz\nNXdjtI8ooDE6bVLYrKEgnSfWpVCST/KpUCs0i8nVVPlRZ0VudSpVREXUk686K23b41KlWDL2usp5\nbbUPMSQDr/SpUoGujvDBtzJHn3UO5aUTE6CalSkAPhrIHdVLiAHmdYqVKTADdUAkUJkXMR87VKlS\nxCp3qVKlID//2Q\u003d\u003d\n"}],"SessionID":"9II_1*N$NGjec\u0026+qT\u003dt7","TransactionID":"Q1d^Nu0Ypg","Cmd":"AddRow","Result":0}[0m
[0;36mServer: MQM Action Sucesfull[0m
[1;31mERR/Admin/Cannot Next on null list[0m
[0;32mClient: Formatted Msg Arrived: MQMsg{TypeList=[Event], Params=[Event{Latitude=52.2203108, Longitude=-0.0542517, Bmp=/9j/4AAQSkZJRgABAQAAAQABAAD/2wBDABALDA4MChAODQ4SERATGCgaGBYWGDEjJR0oOjM9PDkz
ODdASFxOQERXRTc4UG1RV19iZ2hnPk1xeXBkeFxlZ2P/2wBDARESEhgVGC8aGi9jQjhCY2NjY2Nj
Y2NjY2NjY2NjY2NjY2NjY2NjY2NjY2NjY2NjY2NjY2NjY2NjY2NjY2NjY2P/wAARCABkAGQDASIA
AhEBAxEB/8QAGwAAAgMBAQEAAAAAAAAAAAAAAwQAAgUBBwb/xABBEAACAQIEAgcEBQkJAQAAAAAB
AhEAAwQSITETQQUiUWFxgZEyobHwBkJSkuEUIzNDYnLB0fEVFiQ0RFRzgpOi/8QAGAEAAwEBAAAA
AAAAAAAAAAAAAAECAwT/xAAiEQACAgEEAgMBAAAAAAAAAAAAAQIRURITITEDQQQUImH/2gAMAwEA
AhEDEQA/ALJ9L+jmaCmIXvKj+Bo6/Sjoo/r2Hjbb+VfA5W+z766tu4zBVQknQAak0AegD6TdE/7k
/wDm38qLa+kHRdz2cYgj7QK/EV5+cDjBeFk4W9xTJCZDmPl5GqXrF+wwW9YuW2IkB1IkUAekjpjo
4/62x98VZelMAxhcZYJPLiCvL9RyPpXQfH0oA9TGLw7ezftnwYVONbO1xfWvMbb+PpTKOB7UjyNF
BZ6IbinZh61Rmr4e1dtKf0gXzinbWIsx/mR9+jRfsWo+mZqEzVh8a0Qf8Tryh6G+JuqspfJHjND8
TyPWbpbWpXyr4/Ehj+eb1qVO2x6y4TD7HhD0o1qzhw6uhUMpkMrQQaTe912VCWQNoZIkdu9PYMcS
xefK0pAyiWzTPptWu3HJrtOuhkS19bxv3DeUQtzitmA7AZ7z61L+ETFsHxD3LrgQGe4zGOzU0viM
O9jLcuwQWIVcpBIB13WNDprr3VxLyQM1onQD6uvqpprxJ+x7EvQe10LhbhIZuHAmSTRf7vYQARfU
kidG/ClLCm7dVQG5zsO0zPztTuJDhroRcNkUuyZbozCSOYOpAiBtvzpPx/0f13kta6As5VcXwJ2X
OJ+FNDoZF04yn/uDWMj3R+sf7xpvDHE3rot23csdhmj40bbG/jtezRXocScrgx+0Kt/ZOmmUz4Gh
WrOM2kmDBhwfneiPx7SqXkZhI1paXkzfieQLdHW7N4cW1bugbow3kdorPvYHCpYAbCWXuB8xczqI
jLA9Zp25cvE5ULMe4TWdjL2ItsVcwewgdlDiw2mIYrCWHvE2sPbsryUEn3mpVHxF0MdZ8qlTTFts
bKtatJnXLIgZt9OWoPdTFrBNcs8YKeHuWjQATOsVdrxvKbRCsskAnKrHWeU8+zejWLbHDpFy2uUy
qHUjzy679tdSbo6KSOZUtANcQAMOqSuhHdKd9cm2wIyoSSI0HZ+6KN+RJceTetgncQw+C1dMGotC
4Axf7AJzbx9mPfVJjUYIFYw/BvLxEZWVxMCGGnL55d1GvXHZCromILXJOa4xObbYPrsRPZHbWlcu
vxi7NaJkAgZiANDtHcPUSKWuq9xFCW7ouISylcxB1GuuulT2UpW7MvhNc1t2YCKAxQE+Zq9hnsXF
uWzlYbGtTCLiLfGuEJbggtxFIkDlp47d4rmKuXPyZVBtZXIL8O4SSf2hMecUX6L1W6BWsbis+fjH
NETpz/pV/wAovZSA3ZyHIyPfQLY1mnX4y2lBuIVAMAMDp8/CpkkZSSRm4p2eMxHVEbAVlYhdTWxj
FdIDsDG0MDHpWVfG9KuC4rgzmXrVKKwE1Kmgo2FDqS5tNoTOaYB5a5teVMytsN1XVwRlVpjbn1vn
Sl1ABYHJIGpUqPdFMvkNtwGUAbDOG7OUVqukZtch7DoUDtE/W0BA881MLbUwCrn2h9U67gb9lJWE
LWnVDmA16pgeka+VO27slZB05lj2eHv8qGRJYOXrVqJLEy0wVGoiQd/n3UJ1UKGQAkkggx8nnTd0
uE+vEr+s0+FS0+WzbErBuySdp118fwpWOMqQLEsLiwcTmA3At5ZM+/8AClVtWmBm9lPKVMVpq/Fx
LGWCgkdYnl5HtPrQWuM1u2toueoPZYggjX3R76EylKuBIW0DfplIzQND67VYquYjiLA5mYNFDOgB
HGDBJMifPw0oHGuQsO3V9nWjsdtgMSoAkOrDurNvc60L7liSdSdTWddO9NIuIow1qVZpmpSoo3OC
7tJaBEQGNGFhzqGg7zmNZmGvM94BTcmDpIb40e1iLgusF4hPZAPPsjSpSaVI5dMsmmllyBmafBjR
FsMGmf8A6NZyOzW5zXAQNp7zTDXCcOGDtAA2I+O/OnzknTLI41hmgZhvO5q5s3siqHUZSSpk6T50
qrvwh1m1AIOlQXcxtAFwIEzpJ8aXIkpZG0t31UCbZGoM8/GgjD3lVlBTrAA+XuoLXrjn82IjtO9K
vcuxJuiDp7dCTKSlkf4V8GQLbak6kwd+U99Au4e4x2tqeeUnWkmvXRpxTPbnqhv3YnimP36dPI6l
kPdwl0g6r60lewl0c19a7cv3Ss8Q/fpS5evR+lMfv/jR+slXPJV8LdVolfWpS5uXiZFzT/kA/jUq
bYXPI2HJcAhFE8hRRc63VyR2kUrIzSbpJ8KKW60s3kBFXHomxtXXMZKwTAAFEFwZTBUkbAilFb2v
X4UTMYBJiewVQhwXE4WrCSRPcahvarxAGEaxNL22OSRrqPOq5oYEEzHPmKQ0Fa4nDMmDPKdRQmuW
5+saq9x1SDBHYeVAZmBGigjuFA7Ls6xpNDa4kaZgaqzMSPZ08KozNrOXs5UWFnblxcu5mlrjrynz
NXdjtI8ooDE6bVLYrKEgnSfWpVCST/KpUCs0i8nVVPlRZ0VudSpVREXUk686K23b41KlWDL2usp5
bbUPMSQDr/SpUoGujvDBtzJHn3UO5aUTE6CalSkAPhrIHdVLiAHmdYqVKTADdUAkUJkXMR87VKlS
xCp3qVKlID//2Q==
}], SessionID='9II_1*N$NGjec&+qT=t7', TransactionID='Q1d^Nu0Ypg', Cmd='AddRow'}[0m
[0;32mClient: Raw Msg Arrived: {"Cmd":"AddRow","Params":[{"Bmp":"/9j/4AAQSkZJRgABAQAAAQABAAD/2wBDABALDA4MChAODQ4SERATGCgaGBYWGDEjJR0oOjM9PDkz\nODdASFxOQERXRTc4UG1RV19iZ2hnPk1xeXBkeFxlZ2P/2wBDARESEhgVGC8aGi9jQjhCY2NjY2Nj\nY2NjY2NjY2NjY2NjY2NjY2NjY2NjY2NjY2NjY2NjY2NjY2NjY2NjY2NjY2P/wAARCABkAGQDASIA\nAhEBAxEB/8QAGgAAAgMBAQAAAAAAAAAAAAAAAAMCBAUBBv/EADIQAAEEAQMCAwcDBAMAAAAAAAEA\nAgMRIRIxQQRRBRNhInGBkaGx8BQyUhVCYsHR4fH/xAAYAQADAQEAAAAAAAAAAAAAAAAAAQIDBP/E\nACERAQEAAgMAAgIDAAAAAAAAAAABAhESEyFBYQMiBDFR/9oADAMBAAIRAxEAPwDyzelkJ4u1o+Hx\nOhlMVgvcLrss0SS/zd33V7wuR7etDiS5x2s3lXcdxrcfGhL0vs5BIA7/AJ8kk9N5W7T322+i2A3A\nIOQfmq8zfMa/UMNO5N2tP4/6+Fh/iEMErmxgA8aRXz3SnxxskLGDVWCfVa7HHQwGtRbXuS3dNEXb\nC3HJ7BdMyuzmvlV6Lp/NkJ0DSzN0VpsjFAh2WivzPOOOFyENiDwwtDboY5T2F2Q0bi7/AD8ys890\nfPjP6qFoa/U2y91ChV8fD/lTj6RrI2Rhosj2j904wGR+k4DTq2yFCWQ6zpLtNUBsVOmnt8VZ/bmI\nAoBTgjBdmhXddET7JKZo8tp2scp0Zf1oU4E6Xij6oSHW46iwZ9UKdJ08kIyBZBrunwDTI07UUFzn\n1q44pMY1VMWkj0kADomHkj0/P/FxkIbITtnkYR0Dw/p2Zuu52VitLifuB+eqz/HOOVkc8mtxxzGt\nZYqya9ysRxN0tOKGL/2lyi2Zv04T4TUYBxe1cLf3R/AEdirLfgmxsGgg5FZ964COeExhDhQH1tTS\nhAg1azyTXwUD04sAg16+5XNQqrKW52/7lO6vlVemsIAAASpdIaLoUbruVZq7x7+xVedmrGmh9kFu\nKsk7dWQT7kJb4XFxNUEKtRf6sby38R6TxWVNnSPG4I+CiySquNnuTw97zdAA9hunDlaHhoIbpcdl\nf0NJolZfSvIlGt9EjAAVppd513paVFx/bbDLHeW9r7Y2XVhMayPhUWvOom6HqnscKAwr1U8ftbpg\nxaY3Q0eqpah5gJwB9U1zrHpWcqbCmP2fbODi+26U+aNpoHKQXh1gOIHatlXkfW6OK5hFl3VR3SVJ\n1LTjPdUy+hV0k+YAMp8IrhFl3VNB3pCz3Sm8IT4w+uMhoGKP/aY11KuyUgYUhI5OUSr/AE0umQFa\nbpdVEm/8VhMeRWVosmJju6r5oynu05X1fEntAkEngdk5kgrdZgkxuQPqU1kp42VaTa0fMOrBF/ZS\nfL81nmTI5zsuvmIwN1NhRaMurY5VWSbfN2k+aUh77A+yelynPmvlJdKSN7tKc6xxaW8jZCuRhlyU\nKs42UI2NqzXxjlS1x1ZIpZNO7lTbFK/DQSubtZ7arZmD+5WouoiazLgsVvRzHJKg+F7ASXGgjvF3\nW/8ArIsW61MdbF/ILy9uvcroOk2bKru+k16j9fDwUHxGADce5eYc50hAGAiq3KO76J6J/iEWadn1\nSX9ZGefqsSFjpZQxvK2T4ORz9UT8tvwfLTh6tndLd1TKTv6RR3+qifCwPgjsyLmrHqW90JrvDQDn\nHxQp7KfJKPpWM4spzQ0bBTcAB7RodykFz3X5baHcj/S5Pat2Z2zG/udsFS69pZHSvxRhluJJcdyk\n9bFrZZTl9FjGC6hzSx1FC0QleFFdQEwd0czYJvMLS7sFut8UeQCWnbssnoOmM0gfXsN57lapjFUA\nlc9eQcZTB4oOQAj9fGaBAspBhHZLdCzlLso4RcHVxnOAhZ5hbfKEuwcFp4BalsHtBCFm0NaBaCwO\nu0IQGb1ELCThUHtDXUEIWsRXArfRwMleA+6QhOk22RMYA1ooBdLQhCxaIloSyMIQgFEoQhAf/9k\u003d\n","Latitude":52.2203108,"Longitude":-0.0542517}],"Result":0,"SessionID":"5R9H4g(MMB*BG!JPiwHJ","TransactionID":"x_j\u0026sV8ZBw","TypeList":["dev.hiworld.littertrackingapp.Network.Event"]}[0m
[0;33mAdmin: ClassString = dev.hiworld.littertrackingapp.Network.Event[0m
[0;33mAdmin: Msg Detected as event[0m
[0;34mSQLITE/Inserting : -0.0542517[0m
[0;34mSQLITE/Inserting : 52.2203108[0m
[0;34mSQLITE/Inserting : /9j/4AAQSkZJRgABAQAAAQABAAD/2wBDABALDA4MChAODQ4SERATGCgaGBYWGDEjJR0oOjM9PDkz
ODdASFxOQERXRTc4UG1RV19iZ2hnPk1xeXBkeFxlZ2P/2wBDARESEhgVGC8aGi9jQjhCY2NjY2Nj
Y2NjY2NjY2NjY2NjY2NjY2NjY2NjY2NjY2NjY2NjY2NjY2NjY2NjY2NjY2P/wAARCABkAGQDASIA
AhEBAxEB/8QAGgAAAgMBAQAAAAAAAAAAAAAAAAMCBAUBBv/EADIQAAEEAQMCAwcDBAMAAAAAAAEA
AgMRIRIxQQRRBRNhInGBkaGx8BQyUhVCYsHR4fH/xAAYAQADAQEAAAAAAAAAAAAAAAAAAQIDBP/E
ACERAQEAAgMAAgIDAAAAAAAAAAABAhESEyFBYQMiBDFR/9oADAMBAAIRAxEAPwDyzelkJ4u1o+Hx
OhlMVgvcLrss0SS/zd33V7wuR7etDiS5x2s3lXcdxrcfGhL0vs5BIA7/AJ8kk9N5W7T322+i2A3A
IOQfmq8zfMa/UMNO5N2tP4/6+Fh/iEMErmxgA8aRXz3SnxxskLGDVWCfVa7HHQwGtRbXuS3dNEXb
C3HJ7BdMyuzmvlV6Lp/NkJ0DSzN0VpsjFAh2WivzPOOOFyENiDwwtDboY5T2F2Q0bi7/AD8ys890
fPjP6qFoa/U2y91ChV8fD/lTj6RrI2Rhosj2j904wGR+k4DTq2yFCWQ6zpLtNUBsVOmnt8VZ/bmI
AoBTgjBdmhXddET7JKZo8tp2scp0Zf1oU4E6Xij6oSHW46iwZ9UKdJ08kIyBZBrunwDTI07UUFzn
1q44pMY1VMWkj0kADomHkj0/P/FxkIbITtnkYR0Dw/p2Zuu52VitLifuB+eqz/HOOVkc8mtxxzGt
ZYqya9ysRxN0tOKGL/2lyi2Zv04T4TUYBxe1cLf3R/AEdirLfgmxsGgg5FZ964COeExhDhQH1tTS
hAg1azyTXwUD04sAg16+5XNQqrKW52/7lO6vlVemsIAAASpdIaLoUbruVZq7x7+xVedmrGmh9kFu
Ksk7dWQT7kJb4XFxNUEKtRf6sby38R6TxWVNnSPG4I+CiySquNnuTw97zdAA9hunDlaHhoIbpcdl
f0NJolZfSvIlGt9EjAAVppd513paVFx/bbDLHeW9r7Y2XVhMayPhUWvOom6HqnscKAwr1U8ftbpg
xaY3Q0eqpah5gJwB9U1zrHpWcqbCmP2fbODi+26U+aNpoHKQXh1gOIHatlXkfW6OK5hFl3VR3SVJ
1LTjPdUy+hV0k+YAMp8IrhFl3VNB3pCz3Sm8IT4w+uMhoGKP/aY11KuyUgYUhI5OUSr/AE0umQFa
bpdVEm/8VhMeRWVosmJju6r5oynu05X1fEntAkEngdk5kgrdZgkxuQPqU1kp42VaTa0fMOrBF/ZS
fL81nmTI5zsuvmIwN1NhRaMurY5VWSbfN2k+aUh77A+yelynPmvlJdKSN7tKc6xxaW8jZCuRhlyU
Ks42UI2NqzXxjlS1x1ZIpZNO7lTbFK/DQSubtZ7arZmD+5WouoiazLgsVvRzHJKg+F7ASXGgjvF3
W/8ArIsW61MdbF/ILy9uvcroOk2bKru+k16j9fDwUHxGADce5eYc50hAGAiq3KO76J6J/iEWadn1
SX9ZGefqsSFjpZQxvK2T4ORz9UT8tvwfLTh6tndLd1TKTv6RR3+qifCwPgjsyLmrHqW90JrvDQDn
HxQp7KfJKPpWM4spzQ0bBTcAB7RodykFz3X5baHcj/S5Pat2Z2zG/udsFS69pZHSvxRhluJJcdyk
9bFrZZTl9FjGC6hzSx1FC0QleFFdQEwd0czYJvMLS7sFut8UeQCWnbssnoOmM0gfXsN57lapjFUA
lc9eQcZTB4oOQAj9fGaBAspBhHZLdCzlLso4RcHVxnOAhZ5hbfKEuwcFp4BalsHtBCFm0NaBaCwO
u0IQGb1ELCThUHtDXUEIWsRXArfRwMleA+6QhOk22RMYA1ooBdLQhCxaIloSyMIQgFEoQhAf/9k=
[0m
[0;32mClient: AddRow Triggered[0m
[1;31mERR/Server/Could not find cmd[0m
[0;36mServer: Publishing: {"TypeList":["Event"],"Params":[{"Latitude":52.2203108,"Longitude":-0.0542517,"Bmp":"/9j/4AAQSkZJRgABAQAAAQABAAD/2wBDABALDA4MChAODQ4SERATGCgaGBYWGDEjJR0oOjM9PDkz\nODdASFxOQERXRTc4UG1RV19iZ2hnPk1xeXBkeFxlZ2P/2wBDARESEhgVGC8aGi9jQjhCY2NjY2Nj\nY2NjY2NjY2NjY2NjY2NjY2NjY2NjY2NjY2NjY2NjY2NjY2NjY2NjY2NjY2P/wAARCABkAGQDASIA\nAhEBAxEB/8QAGgAAAgMBAQAAAAAAAAAAAAAAAAMCBAUBBv/EADIQAAEEAQMCAwcDBAMAAAAAAAEA\nAgMRIRIxQQRRBRNhInGBkaGx8BQyUhVCYsHR4fH/xAAYAQADAQEAAAAAAAAAAAAAAAAAAQIDBP/E\nACERAQEAAgMAAgIDAAAAAAAAAAABAhESEyFBYQMiBDFR/9oADAMBAAIRAxEAPwDyzelkJ4u1o+Hx\nOhlMVgvcLrss0SS/zd33V7wuR7etDiS5x2s3lXcdxrcfGhL0vs5BIA7/AJ8kk9N5W7T322+i2A3A\nIOQfmq8zfMa/UMNO5N2tP4/6+Fh/iEMErmxgA8aRXz3SnxxskLGDVWCfVa7HHQwGtRbXuS3dNEXb\nC3HJ7BdMyuzmvlV6Lp/NkJ0DSzN0VpsjFAh2WivzPOOOFyENiDwwtDboY5T2F2Q0bi7/AD8ys890\nfPjP6qFoa/U2y91ChV8fD/lTj6RrI2Rhosj2j904wGR+k4DTq2yFCWQ6zpLtNUBsVOmnt8VZ/bmI\nAoBTgjBdmhXddET7JKZo8tp2scp0Zf1oU4E6Xij6oSHW46iwZ9UKdJ08kIyBZBrunwDTI07UUFzn\n1q44pMY1VMWkj0kADomHkj0/P/FxkIbITtnkYR0Dw/p2Zuu52VitLifuB+eqz/HOOVkc8mtxxzGt\nZYqya9ysRxN0tOKGL/2lyi2Zv04T4TUYBxe1cLf3R/AEdirLfgmxsGgg5FZ964COeExhDhQH1tTS\nhAg1azyTXwUD04sAg16+5XNQqrKW52/7lO6vlVemsIAAASpdIaLoUbruVZq7x7+xVedmrGmh9kFu\nKsk7dWQT7kJb4XFxNUEKtRf6sby38R6TxWVNnSPG4I+CiySquNnuTw97zdAA9hunDlaHhoIbpcdl\nf0NJolZfSvIlGt9EjAAVppd513paVFx/bbDLHeW9r7Y2XVhMayPhUWvOom6HqnscKAwr1U8ftbpg\nxaY3Q0eqpah5gJwB9U1zrHpWcqbCmP2fbODi+26U+aNpoHKQXh1gOIHatlXkfW6OK5hFl3VR3SVJ\n1LTjPdUy+hV0k+YAMp8IrhFl3VNB3pCz3Sm8IT4w+uMhoGKP/aY11KuyUgYUhI5OUSr/AE0umQFa\nbpdVEm/8VhMeRWVosmJju6r5oynu05X1fEntAkEngdk5kgrdZgkxuQPqU1kp42VaTa0fMOrBF/ZS\nfL81nmTI5zsuvmIwN1NhRaMurY5VWSbfN2k+aUh77A+yelynPmvlJdKSN7tKc6xxaW8jZCuRhlyU\nKs42UI2NqzXxjlS1x1ZIpZNO7lTbFK/DQSubtZ7arZmD+5WouoiazLgsVvRzHJKg+F7ASXGgjvF3\nW/8ArIsW61MdbF/ILy9uvcroOk2bKru+k16j9fDwUHxGADce5eYc50hAGAiq3KO76J6J/iEWadn1\nSX9ZGefqsSFjpZQxvK2T4ORz9UT8tvwfLTh6tndLd1TKTv6RR3+qifCwPgjsyLmrHqW90JrvDQDn\nHxQp7KfJKPpWM4spzQ0bBTcAB7RodykFz3X5baHcj/S5Pat2Z2zG/udsFS69pZHSvxRhluJJcdyk\n9bFrZZTl9FjGC6hzSx1FC0QleFFdQEwd0czYJvMLS7sFut8UeQCWnbssnoOmM0gfXsN57lapjFUA\nlc9eQcZTB4oOQAj9fGaBAspBhHZLdCzlLso4RcHVxnOAhZ5hbfKEuwcFp4BalsHtBCFm0NaBaCwO\nu0IQGb1ELCThUHtDXUEIWsRXArfRwMleA+6QhOk22RMYA1ooBdLQhCxaIloSyMIQgFEoQhAf/9k\u003d\n"}],"SessionID":"5R9H4g(MMB*BG!JPiwHJ","TransactionID":"x_j\u0026sV8ZBw","Cmd":"AddRow","Result":0}[0m
[0;36mServer: MQM Action Sucesfull[0m
[1;31mERR/Admin/Cannot Next on null list[0m
[0;32mClient: Formatted Msg Arrived: MQMsg{TypeList=[Event], Params=[Event{Latitude=52.2203108, Longitude=-0.0542517, Bmp=/9j/4AAQSkZJRgABAQAAAQABAAD/2wBDABALDA4MChAODQ4SERATGCgaGBYWGDEjJR0oOjM9PDkz
ODdASFxOQERXRTc4UG1RV19iZ2hnPk1xeXBkeFxlZ2P/2wBDARESEhgVGC8aGi9jQjhCY2NjY2Nj
Y2NjY2NjY2NjY2NjY2NjY2NjY2NjY2NjY2NjY2NjY2NjY2NjY2NjY2NjY2P/wAARCABkAGQDASIA
AhEBAxEB/8QAGgAAAgMBAQAAAAAAAAAAAAAAAAMCBAUBBv/EADIQAAEEAQMCAwcDBAMAAAAAAAEA
AgMRIRIxQQRRBRNhInGBkaGx8BQyUhVCYsHR4fH/xAAYAQADAQEAAAAAAAAAAAAAAAAAAQIDBP/E
ACERAQEAAgMAAgIDAAAAAAAAAAABAhESEyFBYQMiBDFR/9oADAMBAAIRAxEAPwDyzelkJ4u1o+Hx
OhlMVgvcLrss0SS/zd33V7wuR7etDiS5x2s3lXcdxrcfGhL0vs5BIA7/AJ8kk9N5W7T322+i2A3A
IOQfmq8zfMa/UMNO5N2tP4/6+Fh/iEMErmxgA8aRXz3SnxxskLGDVWCfVa7HHQwGtRbXuS3dNEXb
C3HJ7BdMyuzmvlV6Lp/NkJ0DSzN0VpsjFAh2WivzPOOOFyENiDwwtDboY5T2F2Q0bi7/AD8ys890
fPjP6qFoa/U2y91ChV8fD/lTj6RrI2Rhosj2j904wGR+k4DTq2yFCWQ6zpLtNUBsVOmnt8VZ/bmI
AoBTgjBdmhXddET7JKZo8tp2scp0Zf1oU4E6Xij6oSHW46iwZ9UKdJ08kIyBZBrunwDTI07UUFzn
1q44pMY1VMWkj0kADomHkj0/P/FxkIbITtnkYR0Dw/p2Zuu52VitLifuB+eqz/HOOVkc8mtxxzGt
ZYqya9ysRxN0tOKGL/2lyi2Zv04T4TUYBxe1cLf3R/AEdirLfgmxsGgg5FZ964COeExhDhQH1tTS
hAg1azyTXwUD04sAg16+5XNQqrKW52/7lO6vlVemsIAAASpdIaLoUbruVZq7x7+xVedmrGmh9kFu
Ksk7dWQT7kJb4XFxNUEKtRf6sby38R6TxWVNnSPG4I+CiySquNnuTw97zdAA9hunDlaHhoIbpcdl
f0NJolZfSvIlGt9EjAAVppd513paVFx/bbDLHeW9r7Y2XVhMayPhUWvOom6HqnscKAwr1U8ftbpg
xaY3Q0eqpah5gJwB9U1zrHpWcqbCmP2fbODi+26U+aNpoHKQXh1gOIHatlXkfW6OK5hFl3VR3SVJ
1LTjPdUy+hV0k+YAMp8IrhFl3VNB3pCz3Sm8IT4w+uMhoGKP/aY11KuyUgYUhI5OUSr/AE0umQFa
bpdVEm/8VhMeRWVosmJju6r5oynu05X1fEntAkEngdk5kgrdZgkxuQPqU1kp42VaTa0fMOrBF/ZS
fL81nmTI5zsuvmIwN1NhRaMurY5VWSbfN2k+aUh77A+yelynPmvlJdKSN7tKc6xxaW8jZCuRhlyU
Ks42UI2NqzXxjlS1x1ZIpZNO7lTbFK/DQSubtZ7arZmD+5WouoiazLgsVvRzHJKg+F7ASXGgjvF3
W/8ArIsW61MdbF/ILy9uvcroOk2bKru+k16j9fDwUHxGADce5eYc50hAGAiq3KO76J6J/iEWadn1
SX9ZGefqsSFjpZQxvK2T4ORz9UT8tvwfLTh6tndLd1TKTv6RR3+qifCwPgjsyLmrHqW90JrvDQDn
HxQp7KfJKPpWM4spzQ0bBTcAB7RodykFz3X5baHcj/S5Pat2Z2zG/udsFS69pZHSvxRhluJJcdyk
9bFrZZTl9FjGC6hzSx1FC0QleFFdQEwd0czYJvMLS7sFut8UeQCWnbssnoOmM0gfXsN57lapjFUA
lc9eQcZTB4oOQAj9fGaBAspBhHZLdCzlLso4RcHVxnOAhZ5hbfKEuwcFp4BalsHtBCFm0NaBaCwO
u0IQGb1ELCThUHtDXUEIWsRXArfRwMleA+6QhOk22RMYA1ooBdLQhCxaIloSyMIQgFEoQhAf/9k=
}], SessionID='5R9H4g(MMB*BG!JPiwHJ', TransactionID='x_j&sV8ZBw', Cmd='AddRow'}[0m
[1;31mERR/Server/Connection to network lost![0m
[0;33mAdmin: Exiting[0m
[0;34mSQLITE: Connection has been closed[0m
